0 info it worked if it ends with ok
1 verbose cli [ '/Users/tagapitos/.nvm/versions/node/v6.10.2/bin/node',
1 verbose cli   '/Users/tagapitos/.nvm/versions/node/v6.10.2/bin/npm',
1 verbose cli   'install',
1 verbose cli   'http-require@0.2.1' ]
2 info using npm@3.10.10
3 info using node@v6.10.2
4 silly loadCurrentTree Starting
5 silly install loadCurrentTree
6 silly install readLocalPackageData
7 silly fetchPackageMetaData http-require@0.2.1
8 silly fetchNamedPackageData http-require
9 silly mapToRegistry name http-require
10 silly mapToRegistry using default registry
11 silly mapToRegistry registry https://packages.atlassian.com/artifactory/api/npm/npm-remote
12 silly mapToRegistry data Result {
12 silly mapToRegistry   raw: 'http-require',
12 silly mapToRegistry   scope: null,
12 silly mapToRegistry   escapedName: 'http-require',
12 silly mapToRegistry   name: 'http-require',
12 silly mapToRegistry   rawSpec: '',
12 silly mapToRegistry   spec: 'latest',
12 silly mapToRegistry   type: 'tag' }
13 silly mapToRegistry uri https://packages.atlassian.com/artifactory/api/npm/npm-remote/http-require
14 verbose request uri https://packages.atlassian.com/artifactory/api/npm/npm-remote/http-require
15 verbose request no auth needed
16 info attempt registry request try #1 at 3:12:50 PM
17 verbose request id 3991ec7c15abe577
18 http request GET https://packages.atlassian.com/artifactory/api/npm/npm-remote/http-require
19 http 404 https://packages.atlassian.com/artifactory/api/npm/npm-remote/http-require
20 verbose headers { date: 'Mon, 06 Sep 2021 05:12:51 GMT',
20 verbose headers   'content-type': 'application/json',
20 verbose headers   'transfer-encoding': 'chunked',
20 verbose headers   connection: 'keep-alive',
20 verbose headers   server: 'nginx/1.18.0',
20 verbose headers   'x-jfrog-version': 'Artifactory/7.21.12 72112900',
20 verbose headers   'x-artifactory-id': 'f296a1f89ba26f714ca2be204b4334cc56ad26e8',
20 verbose headers   'x-artifactory-node-id': '96d62d84f8cc' }
21 silly get cb [ 404,
21 silly get   { date: 'Mon, 06 Sep 2021 05:12:51 GMT',
21 silly get     'content-type': 'application/json',
21 silly get     'transfer-encoding': 'chunked',
21 silly get     connection: 'keep-alive',
21 silly get     server: 'nginx/1.18.0',
21 silly get     'x-jfrog-version': 'Artifactory/7.21.12 72112900',
21 silly get     'x-artifactory-id': 'f296a1f89ba26f714ca2be204b4334cc56ad26e8',
21 silly get     'x-artifactory-node-id': '96d62d84f8cc' } ]
22 silly fetchPackageMetaData Error: 404 Not Found: artifactory
22 silly fetchPackageMetaData     at makeError (/Users/tagapitos/.nvm/versions/node/v6.10.2/lib/node_modules/npm/node_modules/npm-registry-client/lib/request.js:302:12)
22 silly fetchPackageMetaData     at CachingRegistryClient.<anonymous> (/Users/tagapitos/.nvm/versions/node/v6.10.2/lib/node_modules/npm/node_modules/npm-registry-client/lib/request.js:288:14)
22 silly fetchPackageMetaData     at Request._callback (/Users/tagapitos/.nvm/versions/node/v6.10.2/lib/node_modules/npm/node_modules/npm-registry-client/lib/request.js:210:14)
22 silly fetchPackageMetaData     at Request.self.callback (/Users/tagapitos/.nvm/versions/node/v6.10.2/lib/node_modules/npm/node_modules/request/request.js:187:22)
22 silly fetchPackageMetaData     at emitTwo (events.js:106:13)
22 silly fetchPackageMetaData     at Request.emit (events.js:191:7)
22 silly fetchPackageMetaData     at Request.<anonymous> (/Users/tagapitos/.nvm/versions/node/v6.10.2/lib/node_modules/npm/node_modules/request/request.js:1048:10)
22 silly fetchPackageMetaData     at emitOne (events.js:96:13)
22 silly fetchPackageMetaData     at Request.emit (events.js:188:7)
22 silly fetchPackageMetaData     at IncomingMessage.<anonymous> (/Users/tagapitos/.nvm/versions/node/v6.10.2/lib/node_modules/npm/node_modules/request/request.js:969:12)
22 silly fetchPackageMetaData  error for http-require@0.2.1 { Error: 404 Not Found: artifactory
22 silly fetchPackageMetaData     at makeError (/Users/tagapitos/.nvm/versions/node/v6.10.2/lib/node_modules/npm/node_modules/npm-registry-client/lib/request.js:302:12)
22 silly fetchPackageMetaData     at CachingRegistryClient.<anonymous> (/Users/tagapitos/.nvm/versions/node/v6.10.2/lib/node_modules/npm/node_modules/npm-registry-client/lib/request.js:288:14)
22 silly fetchPackageMetaData     at Request._callback (/Users/tagapitos/.nvm/versions/node/v6.10.2/lib/node_modules/npm/node_modules/npm-registry-client/lib/request.js:210:14)
22 silly fetchPackageMetaData     at Request.self.callback (/Users/tagapitos/.nvm/versions/node/v6.10.2/lib/node_modules/npm/node_modules/request/request.js:187:22)
22 silly fetchPackageMetaData     at emitTwo (events.js:106:13)
22 silly fetchPackageMetaData     at Request.emit (events.js:191:7)
22 silly fetchPackageMetaData     at Request.<anonymous> (/Users/tagapitos/.nvm/versions/node/v6.10.2/lib/node_modules/npm/node_modules/request/request.js:1048:10)
22 silly fetchPackageMetaData     at emitOne (events.js:96:13)
22 silly fetchPackageMetaData     at Request.emit (events.js:188:7)
22 silly fetchPackageMetaData     at IncomingMessage.<anonymous> (/Users/tagapitos/.nvm/versions/node/v6.10.2/lib/node_modules/npm/node_modules/request/request.js:969:12) pkgid: 'artifactory', statusCode: 404, code: 'E404' }
23 silly rollbackFailedOptional Starting
24 silly rollbackFailedOptional Finishing
25 silly runTopLevelLifecycles Finishing
26 silly install printInstalled
27 verbose stack Error: 404 Not Found: artifactory
27 verbose stack     at makeError (/Users/tagapitos/.nvm/versions/node/v6.10.2/lib/node_modules/npm/node_modules/npm-registry-client/lib/request.js:302:12)
27 verbose stack     at CachingRegistryClient.<anonymous> (/Users/tagapitos/.nvm/versions/node/v6.10.2/lib/node_modules/npm/node_modules/npm-registry-client/lib/request.js:288:14)
27 verbose stack     at Request._callback (/Users/tagapitos/.nvm/versions/node/v6.10.2/lib/node_modules/npm/node_modules/npm-registry-client/lib/request.js:210:14)
27 verbose stack     at Request.self.callback (/Users/tagapitos/.nvm/versions/node/v6.10.2/lib/node_modules/npm/node_modules/request/request.js:187:22)
27 verbose stack     at emitTwo (events.js:106:13)
27 verbose stack     at Request.emit (events.js:191:7)
27 verbose stack     at Request.<anonymous> (/Users/tagapitos/.nvm/versions/node/v6.10.2/lib/node_modules/npm/node_modules/request/request.js:1048:10)
27 verbose stack     at emitOne (events.js:96:13)
27 verbose stack     at Request.emit (events.js:188:7)
27 verbose stack     at IncomingMessage.<anonymous> (/Users/tagapitos/.nvm/versions/node/v6.10.2/lib/node_modules/npm/node_modules/request/request.js:969:12)
28 verbose statusCode 404
29 verbose pkgid artifactory
30 verbose cwd /Users/tagapitos/src/github-jira-test
31 error Darwin 20.6.0
32 error argv "/Users/tagapitos/.nvm/versions/node/v6.10.2/bin/node" "/Users/tagapitos/.nvm/versions/node/v6.10.2/bin/npm" "install" "http-require@0.2.1"
33 error node v6.10.2
34 error npm  v3.10.10
35 error code E404
36 error 404 Not Found: artifactory
37 error 404
38 error 404 'artifactory' is not in the npm registry.
39 error 404 You should bug the author to publish it (or use the name yourself!)
40 error 404 Note that you can also install from a
41 error 404 tarball, folder, http url, or git url.
42 verbose exit [ 1, true ]
